15-09-2023	15:30:48	Crystal Reports Exporter version 2.1.11.1207
15-09-2023	15:30:48	creport parameters : -f C:\laragon\www\novate\assets\reports\cr\invoice_report.rpt -o C:\laragon\www\novate\assets\reports\invoice_report1120230915.pdf -u root -p P@55w0rd -d db_ci_easyui -a inv_id:1 -l 
15-09-2023	15:30:48	Instantiated ReportDocument object
15-09-2023	15:30:49	Crystal Reports file C:\laragon\www\novate\assets\reports\cr\invoice_report.rpt loaded
15-09-2023	15:30:49	Database id = 0
15-09-2023	15:30:49	Integrated Security = False
15-09-2023	15:30:49	Default Server Name = novate
15-09-2023	15:30:49	Default Database Name = 
15-09-2023	15:30:49	Logon to Database = db_ci_easyui
15-09-2023	15:30:49	Logon with user id = root
15-09-2023	15:30:49	Logon with password = P@55w0rd
15-09-2023	15:30:49	Logon to Database = db_ci_easyui
15-09-2023	15:30:49	Logon with user id = root
15-09-2023	15:30:49	Logon with password = P@55w0rd
15-09-2023	15:30:49	Report Output format set to : pdf
15-09-2023	15:30:49	Report attribute : HasSavedData = False
15-09-2023	15:30:49	Discrete Parameter : inv_id = 1
15-09-2023	15:30:49	Report rows = 1
15-09-2023	15:30:50	Report exported to : C:\laragon\www\novate\assets\reports\invoice_report1120230915.pdf
15-09-2023	15:30:50	ReportDocument closed
