13-09-2023	08:35:24	Crystal Reports Exporter version 2.1.11.1207
13-09-2023	08:35:24	creport parameters : -f C:\laragon\www\novate\assets\reports\cr\invoice_report.rpt -o C:\laragon\www\novate\assets\reports\invoice_report120230913.pdf -u root -p P@55w0rd -d db_ci_easyui -a inv_id:1 -l 
13-09-2023	08:35:24	Instantiated ReportDocument object
13-09-2023	08:35:25	Crystal Reports file C:\laragon\www\novate\assets\reports\cr\invoice_report.rpt loaded
13-09-2023	08:35:25	Database id = 0
13-09-2023	08:35:25	Integrated Security = False
13-09-2023	08:35:25	Default Server Name = novate
13-09-2023	08:35:25	Default Database Name = 
13-09-2023	08:35:25	Logon to Database = db_ci_easyui
13-09-2023	08:35:25	Logon with user id = root
13-09-2023	08:35:25	Logon with password = P@55w0rd
13-09-2023	08:35:25	Logon to Database = db_ci_easyui
13-09-2023	08:35:25	Logon with user id = root
13-09-2023	08:35:25	Logon with password = P@55w0rd
13-09-2023	08:35:25	Report Output format set to : pdf
13-09-2023	08:35:25	Report attribute : HasSavedData = False
13-09-2023	08:35:25	Discrete Parameter : inv_id = 1
13-09-2023	08:35:26	Report rows = 1
13-09-2023	08:35:26	Report exported to : C:\laragon\www\novate\assets\reports\invoice_report120230913.pdf
13-09-2023	08:35:26	ReportDocument closed
