13-09-2023	08:43:25	Crystal Reports Exporter version 2.1.11.1207
13-09-2023	08:43:25	creport parameters : -f C:\laragon\www\novate\assets\reports\cr\invoice_report.rpt -o C:\laragon\www\novate\assets\reports\invoice_report120230913.pdf -u root -p P@55w0rd -d db_ci_easyui -a inv_id:1 -l 
13-09-2023	08:43:26	Instantiated ReportDocument object
13-09-2023	08:43:27	Crystal Reports file C:\laragon\www\novate\assets\reports\cr\invoice_report.rpt loaded
13-09-2023	08:43:27	Database id = 0
13-09-2023	08:43:27	Integrated Security = False
13-09-2023	08:43:27	Default Server Name = novate
13-09-2023	08:43:27	Default Database Name = 
13-09-2023	08:43:27	Logon to Database = db_ci_easyui
13-09-2023	08:43:27	Logon with user id = root
13-09-2023	08:43:27	Logon with password = P@55w0rd
13-09-2023	08:43:27	Logon to Database = db_ci_easyui
13-09-2023	08:43:27	Logon with user id = root
13-09-2023	08:43:27	Logon with password = P@55w0rd
13-09-2023	08:43:27	Report Output format set to : pdf
13-09-2023	08:43:27	Report attribute : HasSavedData = False
13-09-2023	08:43:27	Discrete Parameter : inv_id = 1
13-09-2023	08:43:27	Report rows = 1
13-09-2023	08:43:28	Report exported to : C:\laragon\www\novate\assets\reports\invoice_report120230913.pdf
13-09-2023	08:43:28	ReportDocument closed
