15-09-2023	11:06:12	Crystal Reports Exporter version 2.1.11.1207
15-09-2023	11:06:12	creport parameters : -f C:\laragon\www\novate\assets\reports\cr\invoice_report.rpt -o C:\laragon\www\novate\assets\reports\invoice_report4120230915.pdf -u root -p P@55w0rd -d db_ci_easyui -a inv_id:4 -l 
15-09-2023	11:06:12	Instantiated ReportDocument object
15-09-2023	11:06:13	Crystal Reports file C:\laragon\www\novate\assets\reports\cr\invoice_report.rpt loaded
15-09-2023	11:06:13	Database id = 0
15-09-2023	11:06:13	Integrated Security = False
15-09-2023	11:06:13	Default Server Name = novate
15-09-2023	11:06:13	Default Database Name = 
15-09-2023	11:06:13	Logon to Database = db_ci_easyui
15-09-2023	11:06:13	Logon with user id = root
15-09-2023	11:06:13	Logon with password = P@55w0rd
15-09-2023	11:06:13	Logon to Database = db_ci_easyui
15-09-2023	11:06:13	Logon with user id = root
15-09-2023	11:06:13	Logon with password = P@55w0rd
15-09-2023	11:06:13	Report Output format set to : pdf
15-09-2023	11:06:13	Report attribute : HasSavedData = False
15-09-2023	11:06:13	Discrete Parameter : inv_id = 4
15-09-2023	11:06:14	Report rows = 1
15-09-2023	11:06:14	Report exported to : C:\laragon\www\novate\assets\reports\invoice_report4120230915.pdf
15-09-2023	11:06:14	ReportDocument closed
