13-09-2023	09:06:45	Crystal Reports Exporter version 2.1.11.1207
13-09-2023	09:06:45	creport parameters : -f C:\laragon\www\novate\assets\reports\cr\invoice_report.rpt -o C:\laragon\www\novate\assets\reports\invoice_report120230913.pdf -u root -p P@55w0rd -d db_ci_easyui -a inv_id:1 -l 
13-09-2023	09:06:46	Instantiated ReportDocument object
13-09-2023	09:06:47	Crystal Reports file C:\laragon\www\novate\assets\reports\cr\invoice_report.rpt loaded
13-09-2023	09:06:47	Database id = 0
13-09-2023	09:06:47	Integrated Security = False
13-09-2023	09:06:47	Default Server Name = novate
13-09-2023	09:06:47	Default Database Name = 
13-09-2023	09:06:47	Logon to Database = db_ci_easyui
13-09-2023	09:06:47	Logon with user id = root
13-09-2023	09:06:47	Logon with password = P@55w0rd
13-09-2023	09:06:47	Logon to Database = db_ci_easyui
13-09-2023	09:06:47	Logon with user id = root
13-09-2023	09:06:47	Logon with password = P@55w0rd
13-09-2023	09:06:47	Report Output format set to : pdf
13-09-2023	09:06:47	Report attribute : HasSavedData = False
13-09-2023	09:06:47	Discrete Parameter : inv_id = 1
13-09-2023	09:06:47	Report rows = 1
13-09-2023	09:06:48	Report exported to : C:\laragon\www\novate\assets\reports\invoice_report120230913.pdf
13-09-2023	09:06:48	ReportDocument closed
