15-09-2023	10:44:11	Crystal Reports Exporter version 2.1.11.1207
15-09-2023	10:44:11	creport parameters : -f C:\laragon\www\novate\assets\reports\cr\invoice_report.rpt -o C:\laragon\www\novate\assets\reports\invoice_report3120230915.pdf -u root -p P@55w0rd -d db_ci_easyui -a inv_id:3 -l 
15-09-2023	10:44:11	Instantiated ReportDocument object
15-09-2023	10:44:12	Crystal Reports file C:\laragon\www\novate\assets\reports\cr\invoice_report.rpt loaded
15-09-2023	10:44:12	Database id = 0
15-09-2023	10:44:12	Integrated Security = False
15-09-2023	10:44:12	Default Server Name = novate
15-09-2023	10:44:12	Default Database Name = 
15-09-2023	10:44:12	Logon to Database = db_ci_easyui
15-09-2023	10:44:12	Logon with user id = root
15-09-2023	10:44:12	Logon with password = P@55w0rd
15-09-2023	10:44:12	Logon to Database = db_ci_easyui
15-09-2023	10:44:12	Logon with user id = root
15-09-2023	10:44:12	Logon with password = P@55w0rd
15-09-2023	10:44:12	Report Output format set to : pdf
15-09-2023	10:44:12	Report attribute : HasSavedData = False
15-09-2023	10:44:12	Discrete Parameter : inv_id = 3
15-09-2023	10:44:13	Report rows = 0
15-09-2023	10:44:13	Report exported to : C:\laragon\www\novate\assets\reports\invoice_report3120230915.pdf
15-09-2023	10:44:13	ReportDocument closed
